TN:
SF:src\App.tsx
FN:5,App
FN:8,(anonymous_1)
FN:12,(anonymous_2)
FNF:3
FNH:3
FNDA:11,App
FNDA:5,(anonymous_1)
FNDA:3,(anonymous_2)
DA:2,1
DA:3,1
DA:5,1
DA:6,11
DA:8,11
DA:9,5
DA:12,11
DA:13,3
DA:16,11
LF:9
LH:9
BRDA:18,0,0,1
BRDA:18,0,1,10
BRF:2
BRH:2
end_of_record
TN:
SF:src\app.module.ts
FN:2,increaseValue
FN:6,(anonymous_1)
FN:7,(anonymous_2)
FN:20,(anonymous_3)
FNF:4
FNH:4
FNDA:5,increaseValue
FNDA:3,(anonymous_1)
FNDA:3,(anonymous_2)
FNDA:11,(anonymous_3)
DA:2,1
DA:3,5
DA:6,1
DA:7,3
DA:8,3
DA:9,1
DA:11,2
DA:15,3
DA:20,1
DA:21,11
DA:23,2
DA:26,2
DA:29,7
LF:13
LH:13
BRDA:8,0,0,1
BRDA:8,0,1,2
BRDA:21,1,0,2
BRDA:21,1,1,2
BRDA:21,1,2,7
BRF:5
BRH:5
end_of_record
